<?xml version="1.0" encoding="UTF-8"?>
<coverage generated="1705481541755" clover="3.2.0">
  <project timestamp="1705481541755" name="All files">
    <metrics statements="45" coveredstatements="45" conditionals="18" coveredconditionals="18" methods="16" coveredmethods="16" elements="79" coveredelements="79" complexity="0" loc="45" ncloc="45" packages="4" files="7" classes="7"/>
    <package name="app">
      <metrics statements="38" coveredstatements="38" conditionals="18" coveredconditionals="18" methods="16" coveredmethods="16"/>
      <file name="homescreen.tsx" path="/Users/rushabhgedam/Documents/graphql/zlrapp/app/homescreen.tsx">
        <metrics statements="32" coveredstatements="32" conditionals="18" coveredconditionals="18" methods="13" coveredmethods="13"/>
        <line num="9" count="1" type="stmt"/>
        <line num="11" count="1" type="stmt"/>
        <line num="12" count="10" type="stmt"/>
        <line num="19" count="9" type="stmt"/>
        <line num="21" count="9" type="stmt"/>
        <line num="22" count="9" type="stmt"/>
        <line num="25" count="9" type="stmt"/>
        <line num="32" count="9" type="stmt"/>
        <line num="33" count="6" type="stmt"/>
        <line num="37" count="9" type="stmt"/>
        <line num="38" count="6" type="cond" truecount="2" falsecount="0"/>
        <line num="39" count="1" type="stmt"/>
        <line num="40" count="1" type="stmt"/>
        <line num="41" count="1" type="stmt"/>
        <line num="43" count="5" type="cond" truecount="2" falsecount="0"/>
        <line num="44" count="2" type="stmt"/>
        <line num="45" count="2" type="stmt"/>
        <line num="46" count="2" type="stmt"/>
        <line num="50" count="9" type="stmt"/>
        <line num="51" count="63" type="stmt"/>
        <line num="52" count="63" type="stmt"/>
        <line num="61" count="9" type="stmt"/>
        <line num="62" count="4" type="stmt"/>
        <line num="70" count="9" type="stmt"/>
        <line num="77" count="27" type="stmt"/>
        <line num="78" count="9" type="stmt"/>
        <line num="85" count="1" type="stmt"/>
        <line num="94" count="63" type="stmt"/>
        <line num="95" count="54" type="stmt"/>
        <line num="106" count="6" type="stmt"/>
        <line num="112" count="4" type="stmt"/>
        <line num="123" count="1" type="stmt"/>
      </file>
      <file name="splashscreen.tsx" path="/Users/rushabhgedam/Documents/graphql/zlrapp/app/splashscreen.tsx">
        <metrics statements="6" coveredstatements="6" conditionals="0" coveredconditionals="0" methods="3" coveredmethods="3"/>
        <line num="6" count="1" type="stmt"/>
        <line num="7" count="1" type="stmt"/>
        <line num="8" count="1" type="stmt"/>
        <line num="9" count="1" type="stmt"/>
        <line num="12" count="1" type="stmt"/>
        <line num="22" count="1" type="stmt"/>
      </file>
    </package>
    <package name="app.assets">
      <metrics statements="4" coveredstatements="4" conditionals="0" coveredconditionals="0" methods="0" coveredmethods="0"/>
      <file name="index.ts" path="/Users/rushabhgedam/Documents/graphql/zlrapp/app/assets/index.ts">
        <metrics statements="2" coveredstatements="2" conditionals="0" coveredconditionals="0" methods="0" coveredmethods="0"/>
        <line num="1" count="1" type="stmt"/>
        <line num="2" count="1" type="stmt"/>
      </file>
      <file name="selected.png" path="/Users/rushabhgedam/Documents/graphql/zlrapp/app/assets/selected.png">
        <metrics statements="1" coveredstatements="1" conditionals="0" coveredconditionals="0" methods="0" coveredmethods="0"/>
        <line num="1" count="1" type="stmt"/>
      </file>
      <file name="unselected.png" path="/Users/rushabhgedam/Documents/graphql/zlrapp/app/assets/unselected.png">
        <metrics statements="1" coveredstatements="1" conditionals="0" coveredconditionals="0" methods="0" coveredmethods="0"/>
        <line num="1" count="1" type="stmt"/>
      </file>
    </package>
    <package name="app.constants">
      <metrics statements="1" coveredstatements="1" conditionals="0" coveredconditionals="0" methods="0" coveredmethods="0"/>
      <file name="index.ts" path="/Users/rushabhgedam/Documents/graphql/zlrapp/app/constants/index.ts">
        <metrics statements="1" coveredstatements="1" conditionals="0" coveredconditionals="0" methods="0" coveredmethods="0"/>
        <line num="3" count="1" type="stmt"/>
      </file>
    </package>
    <package name="app.graphql">
      <metrics statements="2" coveredstatements="2" conditionals="0" coveredconditionals="0" methods="0" coveredmethods="0"/>
      <file name="queries.ts" path="/Users/rushabhgedam/Documents/graphql/zlrapp/app/graphql/queries.ts">
        <metrics statements="2" coveredstatements="2" conditionals="0" coveredconditionals="0" methods="0" coveredmethods="0"/>
        <line num="5" count="1" type="stmt"/>
        <line num="16" count="1" type="stmt"/>
      </file>
    </package>
  </project>
</coverage>
