{"/Users/rushabhgedam/Documents/graphql/zlrapp/app/homescreen.tsx": {"path":"/Users/rushabhgedam/Documents/graphql/zlrapp/app/homescreen.tsx","statementMap":{"0":{"start":{"line":9,"column":26},"end":{"line":9,"column":50}},"1":{"start":{"line":11,"column":19},"end":{"line":90,"column":1}},"2":{"start":{"line":12,"column":38},"end":{"line":15,"column":6}},"3":{"start":{"line":16,"column":40},"end":{"line":16,"column":52}},"4":{"start":{"line":18,"column":54},"end":{"line":20,"column":6}},"5":{"start":{"line":22,"column":33},"end":{"line":31,"column":5}},"6":{"start":{"line":23,"column":25},"end":{"line":23,"column":53}},"7":{"start":{"line":24,"column":8},"end":{"line":30,"column":27}},"8":{"start":{"line":24,"column":77},"end":{"line":24,"column":127}},"9":{"start":{"line":33,"column":32},"end":{"line":41,"column":5}},"10":{"start":{"line":34,"column":8},"end":{"line":40,"column":15}},"11":{"start":{"line":42,"column":25},"end":{"line":48,"column":11}},"12":{"start":{"line":42,"column":31},"end":{"line":48,"column":11}},"13":{"start":{"line":49,"column":22},"end":{"line":49,"column":62}},"14":{"start":{"line":49,"column":28},"end":{"line":49,"column":62}},"15":{"start":{"line":50,"column":4},"end":{"line":89,"column":5}},"16":{"start":{"line":57,"column":20},"end":{"line":57,"column":36}},"17":{"start":{"line":66,"column":48},"end":{"line":66,"column":64}},"18":{"start":{"line":67,"column":50},"end":{"line":67,"column":89}},"19":{"start":{"line":76,"column":87},"end":{"line":76,"column":148}},"20":{"start":{"line":83,"column":48},"end":{"line":83,"column":64}},"21":{"start":{"line":94,"column":15},"end":{"line":115,"column":2}}},"fnMap":{"0":{"name":"(anonymous_0)","decl":{"start":{"line":11,"column":19},"end":{"line":11,"column":20}},"loc":{"start":{"line":11,"column":38},"end":{"line":90,"column":1}},"line":11},"1":{"name":"(anonymous_1)","decl":{"start":{"line":22,"column":33},"end":{"line":22,"column":34}},"loc":{"start":{"line":22,"column":91},"end":{"line":31,"column":5}},"line":22},"2":{"name":"(anonymous_2)","decl":{"start":{"line":24,"column":71},"end":{"line":24,"column":72}},"loc":{"start":{"line":24,"column":77},"end":{"line":24,"column":127}},"line":24},"3":{"name":"(anonymous_3)","decl":{"start":{"line":33,"column":32},"end":{"line":33,"column":33}},"loc":{"start":{"line":33,"column":92},"end":{"line":41,"column":5}},"line":33},"4":{"name":"(anonymous_4)","decl":{"start":{"line":42,"column":25},"end":{"line":42,"column":26}},"loc":{"start":{"line":42,"column":31},"end":{"line":48,"column":11}},"line":42},"5":{"name":"(anonymous_5)","decl":{"start":{"line":49,"column":22},"end":{"line":49,"column":23}},"loc":{"start":{"line":49,"column":28},"end":{"line":49,"column":62}},"line":49},"6":{"name":"(anonymous_6)","decl":{"start":{"line":56,"column":30},"end":{"line":56,"column":31}},"loc":{"start":{"line":56,"column":37},"end":{"line":58,"column":17}},"line":56},"7":{"name":"(anonymous_7)","decl":{"start":{"line":66,"column":34},"end":{"line":66,"column":35}},"loc":{"start":{"line":66,"column":48},"end":{"line":66,"column":64}},"line":66},"8":{"name":"(anonymous_8)","decl":{"start":{"line":67,"column":44},"end":{"line":67,"column":45}},"loc":{"start":{"line":67,"column":50},"end":{"line":67,"column":89}},"line":67},"9":{"name":"(anonymous_9)","decl":{"start":{"line":76,"column":60},"end":{"line":76,"column":61}},"loc":{"start":{"line":76,"column":87},"end":{"line":76,"column":148}},"line":76},"10":{"name":"(anonymous_10)","decl":{"start":{"line":83,"column":34},"end":{"line":83,"column":35}},"loc":{"start":{"line":83,"column":48},"end":{"line":83,"column":64}},"line":83}},"branchMap":{"0":{"loc":{"start":{"line":25,"column":61},"end":{"line":25,"column":93}},"type":"cond-expr","locations":[{"start":{"line":25,"column":74},"end":{"line":25,"column":83}},{"start":{"line":25,"column":86},"end":{"line":25,"column":93}}],"line":25},"1":{"loc":{"start":{"line":26,"column":27},"end":{"line":26,"column":61}},"type":"cond-expr","locations":[{"start":{"line":26,"column":40},"end":{"line":26,"column":48}},{"start":{"line":26,"column":51},"end":{"line":26,"column":61}}],"line":26},"2":{"loc":{"start":{"line":44,"column":12},"end":{"line":46,"column":49}},"type":"cond-expr","locations":[{"start":{"line":44,"column":46},"end":{"line":44,"column":67}},{"start":{"line":45,"column":16},"end":{"line":46,"column":49}}],"line":44},"3":{"loc":{"start":{"line":44,"column":12},"end":{"line":44,"column":43}},"type":"binary-expr","locations":[{"start":{"line":44,"column":12},"end":{"line":44,"column":32}},{"start":{"line":44,"column":36},"end":{"line":44,"column":43}}],"line":44},"4":{"loc":{"start":{"line":45,"column":16},"end":{"line":46,"column":49}},"type":"cond-expr","locations":[{"start":{"line":45,"column":40},"end":{"line":45,"column":87}},{"start":{"line":46,"column":20},"end":{"line":46,"column":49}}],"line":45},"5":{"loc":{"start":{"line":60,"column":29},"end":{"line":60,"column":105}},"type":"cond-expr","locations":[{"start":{"line":60,"column":53},"end":{"line":60,"column":78}},{"start":{"line":60,"column":81},"end":{"line":60,"column":105}}],"line":60},"6":{"loc":{"start":{"line":73,"column":17},"end":{"line":73,"column":136}},"type":"binary-expr","locations":[{"start":{"line":73,"column":17},"end":{"line":73,"column":31}},{"start":{"line":73,"column":35},"end":{"line":73,"column":136}}],"line":73}},"s":{"0":1,"1":1,"2":8,"3":7,"4":7,"5":7,"6":49,"7":49,"8":1,"9":7,"10":2,"11":7,"12":6,"13":7,"14":21,"15":7,"16":1,"17":49,"18":42,"19":4,"20":2,"21":1},"f":{"0":8,"1":49,"2":1,"3":2,"4":6,"5":21,"6":1,"7":49,"8":42,"9":4,"10":2},"b":{"0":[3,46],"1":[3,46],"2":[1,5],"3":[6,2],"4":[1,4],"5":[4,3],"6":[7,3]},"_coverageSchema":"1a1c01bbd47fc00a2c39e90264f33305004495a9","hash":"da507469f36bc330e8f61aff55c279621f00af53"}
,"/Users/rushabhgedam/Documents/graphql/zlrapp/app/splashscreen.tsx": {"path":"/Users/rushabhgedam/Documents/graphql/zlrapp/app/splashscreen.tsx","statementMap":{"0":{"start":{"line":6,"column":21},"end":{"line":18,"column":1}},"1":{"start":{"line":7,"column":4},"end":{"line":11,"column":10}},"2":{"start":{"line":8,"column":8},"end":{"line":10,"column":17}},"3":{"start":{"line":9,"column":12},"end":{"line":9,"column":51}},"4":{"start":{"line":12,"column":4},"end":{"line":17,"column":5}},"5":{"start":{"line":22,"column":15},"end":{"line":22,"column":36}}},"fnMap":{"0":{"name":"(anonymous_0)","decl":{"start":{"line":6,"column":21},"end":{"line":6,"column":22}},"loc":{"start":{"line":6,"column":40},"end":{"line":18,"column":1}},"line":6},"1":{"name":"(anonymous_1)","decl":{"start":{"line":7,"column":14},"end":{"line":7,"column":15}},"loc":{"start":{"line":7,"column":20},"end":{"line":11,"column":5}},"line":7},"2":{"name":"(anonymous_2)","decl":{"start":{"line":8,"column":19},"end":{"line":8,"column":20}},"loc":{"start":{"line":8,"column":25},"end":{"line":10,"column":9}},"line":8}},"branchMap":{},"s":{"0":1,"1":1,"2":1,"3":1,"4":1,"5":1},"f":{"0":1,"1":1,"2":1},"b":{},"_coverageSchema":"1a1c01bbd47fc00a2c39e90264f33305004495a9","hash":"5408dd8cadb6a9bf78bdce7fbd22d8e8429bad44"}
,"/Users/rushabhgedam/Documents/graphql/zlrapp/app/assets/index.ts": {"path":"/Users/rushabhgedam/Documents/graphql/zlrapp/app/assets/index.ts","statementMap":{"0":{"start":{"line":1,"column":24},"end":{"line":1,"column":49}},"1":{"start":{"line":2,"column":26},"end":{"line":2,"column":53}}},"fnMap":{},"branchMap":{},"s":{"0":1,"1":1},"f":{},"b":{},"_coverageSchema":"1a1c01bbd47fc00a2c39e90264f33305004495a9","hash":"334bf9676cfa14110f289e2e945c9082a2eb94a3"}
,"/Users/rushabhgedam/Documents/graphql/zlrapp/app/assets/selected.png": {"path":"/Users/rushabhgedam/Documents/graphql/zlrapp/app/assets/selected.png","statementMap":{"0":{"start":{"line":1,"column":0},"end":{"line":4,"column":6}}},"fnMap":{},"branchMap":{},"s":{"0":1},"f":{},"b":{},"_coverageSchema":"1a1c01bbd47fc00a2c39e90264f33305004495a9","hash":"9239f184703b801271c56a2865d7daa32a5566c9"}
,"/Users/rushabhgedam/Documents/graphql/zlrapp/app/assets/unselected.png": {"path":"/Users/rushabhgedam/Documents/graphql/zlrapp/app/assets/unselected.png","statementMap":{"0":{"start":{"line":1,"column":0},"end":{"line":4,"column":6}}},"fnMap":{},"branchMap":{},"s":{"0":1},"f":{},"b":{},"_coverageSchema":"1a1c01bbd47fc00a2c39e90264f33305004495a9","hash":"d3295ed2a2c504950e835ef0d4eb6b01fca22b5c"}
,"/Users/rushabhgedam/Documents/graphql/zlrapp/app/constants/index.ts": {"path":"/Users/rushabhgedam/Documents/graphql/zlrapp/app/constants/index.ts","statementMap":{"0":{"start":{"line":3,"column":44},"end":{"line":32,"column":1}}},"fnMap":{},"branchMap":{},"s":{"0":1},"f":{},"b":{},"_coverageSchema":"1a1c01bbd47fc00a2c39e90264f33305004495a9","hash":"4ebfc9aaca80a1f0c71b588d2e73a4f88cad7f04"}
,"/Users/rushabhgedam/Documents/graphql/zlrapp/app/graphql/queries.ts": {"path":"/Users/rushabhgedam/Documents/graphql/zlrapp/app/graphql/queries.ts","statementMap":{"0":{"start":{"line":5,"column":32},"end":{"line":10,"column":4}},"1":{"start":{"line":13,"column":43},"end":{"line":24,"column":1}}},"fnMap":{},"branchMap":{},"s":{"0":1,"1":1},"f":{},"b":{},"_coverageSchema":"1a1c01bbd47fc00a2c39e90264f33305004495a9","hash":"80338458bb9ca5f98ae51c5f90696936fa082090"}
}
