{"/Users/rushabhgedam/Documents/graphql/zlrapp/app/homescreen.tsx": {"path":"/Users/rushabhgedam/Documents/graphql/zlrapp/app/homescreen.tsx","statementMap":{"0":{"start":{"line":9,"column":26},"end":{"line":9,"column":50}},"1":{"start":{"line":11,"column":19},"end":{"line":119,"column":1}},"2":{"start":{"line":12,"column":38},"end":{"line":18,"column":6}},"3":{"start":{"line":19,"column":40},"end":{"line":19,"column":60}},"4":{"start":{"line":21,"column":39},"end":{"line":21,"column":66}},"5":{"start":{"line":22,"column":54},"end":{"line":24,"column":6}},"6":{"start":{"line":25,"column":42},"end":{"line":29,"column":6}},"7":{"start":{"line":32,"column":4},"end":{"line":34,"column":20}},"8":{"start":{"line":33,"column":8},"end":{"line":33,"column":44}},"9":{"start":{"line":37,"column":4},"end":{"line":48,"column":32}},"10":{"start":{"line":38,"column":8},"end":{"line":42,"column":9}},"11":{"start":{"line":39,"column":12},"end":{"line":39,"column":42}},"12":{"start":{"line":40,"column":12},"end":{"line":40,"column":59}},"13":{"start":{"line":41,"column":12},"end":{"line":41,"column":18}},"14":{"start":{"line":43,"column":8},"end":{"line":47,"column":9}},"15":{"start":{"line":44,"column":12},"end":{"line":44,"column":61}},"16":{"start":{"line":45,"column":12},"end":{"line":45,"column":44}},"17":{"start":{"line":46,"column":12},"end":{"line":46,"column":18}},"18":{"start":{"line":50,"column":33},"end":{"line":59,"column":5}},"19":{"start":{"line":51,"column":25},"end":{"line":51,"column":53}},"20":{"start":{"line":52,"column":8},"end":{"line":58,"column":27}},"21":{"start":{"line":52,"column":77},"end":{"line":52,"column":127}},"22":{"start":{"line":61,"column":32},"end":{"line":69,"column":5}},"23":{"start":{"line":62,"column":8},"end":{"line":68,"column":15}},"24":{"start":{"line":70,"column":25},"end":{"line":76,"column":11}},"25":{"start":{"line":70,"column":31},"end":{"line":76,"column":11}},"26":{"start":{"line":77,"column":22},"end":{"line":77,"column":62}},"27":{"start":{"line":77,"column":28},"end":{"line":77,"column":62}},"28":{"start":{"line":78,"column":4},"end":{"line":118,"column":5}},"29":{"start":{"line":85,"column":24},"end":{"line":85,"column":40}},"30":{"start":{"line":94,"column":52},"end":{"line":94,"column":68}},"31":{"start":{"line":95,"column":54},"end":{"line":95,"column":93}},"32":{"start":{"line":106,"column":88},"end":{"line":106,"column":149}},"33":{"start":{"line":112,"column":52},"end":{"line":112,"column":68}},"34":{"start":{"line":123,"column":15},"end":{"line":144,"column":2}}},"fnMap":{"0":{"name":"(anonymous_0)","decl":{"start":{"line":11,"column":19},"end":{"line":11,"column":20}},"loc":{"start":{"line":11,"column":38},"end":{"line":119,"column":1}},"line":11},"1":{"name":"(anonymous_1)","decl":{"start":{"line":32,"column":14},"end":{"line":32,"column":15}},"loc":{"start":{"line":32,"column":18},"end":{"line":34,"column":5}},"line":32},"2":{"name":"(anonymous_2)","decl":{"start":{"line":37,"column":14},"end":{"line":37,"column":15}},"loc":{"start":{"line":37,"column":20},"end":{"line":48,"column":5}},"line":37},"3":{"name":"(anonymous_3)","decl":{"start":{"line":50,"column":33},"end":{"line":50,"column":34}},"loc":{"start":{"line":50,"column":91},"end":{"line":59,"column":5}},"line":50},"4":{"name":"(anonymous_4)","decl":{"start":{"line":52,"column":71},"end":{"line":52,"column":72}},"loc":{"start":{"line":52,"column":77},"end":{"line":52,"column":127}},"line":52},"5":{"name":"(anonymous_5)","decl":{"start":{"line":61,"column":32},"end":{"line":61,"column":33}},"loc":{"start":{"line":61,"column":92},"end":{"line":69,"column":5}},"line":61},"6":{"name":"(anonymous_6)","decl":{"start":{"line":70,"column":25},"end":{"line":70,"column":26}},"loc":{"start":{"line":70,"column":31},"end":{"line":76,"column":11}},"line":70},"7":{"name":"(anonymous_7)","decl":{"start":{"line":77,"column":22},"end":{"line":77,"column":23}},"loc":{"start":{"line":77,"column":28},"end":{"line":77,"column":62}},"line":77},"8":{"name":"(anonymous_8)","decl":{"start":{"line":84,"column":34},"end":{"line":84,"column":35}},"loc":{"start":{"line":84,"column":41},"end":{"line":86,"column":21}},"line":84},"9":{"name":"(anonymous_9)","decl":{"start":{"line":94,"column":38},"end":{"line":94,"column":39}},"loc":{"start":{"line":94,"column":52},"end":{"line":94,"column":68}},"line":94},"10":{"name":"(anonymous_10)","decl":{"start":{"line":95,"column":48},"end":{"line":95,"column":49}},"loc":{"start":{"line":95,"column":54},"end":{"line":95,"column":93}},"line":95},"11":{"name":"(anonymous_11)","decl":{"start":{"line":106,"column":61},"end":{"line":106,"column":62}},"loc":{"start":{"line":106,"column":88},"end":{"line":106,"column":149}},"line":106},"12":{"name":"(anonymous_12)","decl":{"start":{"line":112,"column":38},"end":{"line":112,"column":39}},"loc":{"start":{"line":112,"column":52},"end":{"line":112,"column":68}},"line":112}},"branchMap":{"0":{"loc":{"start":{"line":38,"column":8},"end":{"line":42,"column":9}},"type":"if","locations":[{"start":{"line":38,"column":8},"end":{"line":42,"column":9}},{"start":{},"end":{}}],"line":38},"1":{"loc":{"start":{"line":43,"column":8},"end":{"line":47,"column":9}},"type":"if","locations":[{"start":{"line":43,"column":8},"end":{"line":47,"column":9}},{"start":{},"end":{}}],"line":43},"2":{"loc":{"start":{"line":53,"column":61},"end":{"line":53,"column":93}},"type":"cond-expr","locations":[{"start":{"line":53,"column":74},"end":{"line":53,"column":83}},{"start":{"line":53,"column":86},"end":{"line":53,"column":93}}],"line":53},"3":{"loc":{"start":{"line":54,"column":27},"end":{"line":54,"column":61}},"type":"cond-expr","locations":[{"start":{"line":54,"column":40},"end":{"line":54,"column":48}},{"start":{"line":54,"column":51},"end":{"line":54,"column":61}}],"line":54},"4":{"loc":{"start":{"line":72,"column":12},"end":{"line":74,"column":49}},"type":"cond-expr","locations":[{"start":{"line":72,"column":46},"end":{"line":72,"column":67}},{"start":{"line":73,"column":16},"end":{"line":74,"column":49}}],"line":72},"5":{"loc":{"start":{"line":72,"column":12},"end":{"line":72,"column":43}},"type":"binary-expr","locations":[{"start":{"line":72,"column":12},"end":{"line":72,"column":32}},{"start":{"line":72,"column":36},"end":{"line":72,"column":43}}],"line":72},"6":{"loc":{"start":{"line":73,"column":16},"end":{"line":74,"column":49}},"type":"cond-expr","locations":[{"start":{"line":73,"column":40},"end":{"line":73,"column":87}},{"start":{"line":74,"column":20},"end":{"line":74,"column":49}}],"line":73},"7":{"loc":{"start":{"line":88,"column":33},"end":{"line":88,"column":109}},"type":"cond-expr","locations":[{"start":{"line":88,"column":57},"end":{"line":88,"column":82}},{"start":{"line":88,"column":85},"end":{"line":88,"column":109}}],"line":88},"8":{"loc":{"start":{"line":101,"column":21},"end":{"line":101,"column":144}},"type":"binary-expr","locations":[{"start":{"line":101,"column":21},"end":{"line":101,"column":35}},{"start":{"line":101,"column":39},"end":{"line":101,"column":144}}],"line":101}},"s":{"0":1,"1":1,"2":10,"3":9,"4":9,"5":9,"6":9,"7":9,"8":6,"9":9,"10":6,"11":1,"12":1,"13":1,"14":5,"15":2,"16":2,"17":2,"18":9,"19":63,"20":63,"21":1,"22":9,"23":4,"24":9,"25":7,"26":9,"27":27,"28":9,"29":1,"30":63,"31":54,"32":6,"33":4,"34":1},"f":{"0":10,"1":6,"2":6,"3":63,"4":1,"5":4,"6":7,"7":27,"8":1,"9":63,"10":54,"11":6,"12":4},"b":{"0":[1,5],"1":[2,3],"2":[4,59],"3":[4,59],"4":[2,5],"5":[7,3],"6":[1,4],"7":[5,4],"8":[9,4]},"_coverageSchema":"1a1c01bbd47fc00a2c39e90264f33305004495a9","hash":"0ba6da91a3d1dcc2cf580086a95ab68b6e2cbfd9"}
,"/Users/rushabhgedam/Documents/graphql/zlrapp/app/splashscreen.tsx": {"path":"/Users/rushabhgedam/Documents/graphql/zlrapp/app/splashscreen.tsx","statementMap":{"0":{"start":{"line":6,"column":21},"end":{"line":18,"column":1}},"1":{"start":{"line":7,"column":4},"end":{"line":11,"column":10}},"2":{"start":{"line":8,"column":8},"end":{"line":10,"column":17}},"3":{"start":{"line":9,"column":12},"end":{"line":9,"column":51}},"4":{"start":{"line":12,"column":4},"end":{"line":17,"column":5}},"5":{"start":{"line":22,"column":15},"end":{"line":22,"column":36}}},"fnMap":{"0":{"name":"(anonymous_0)","decl":{"start":{"line":6,"column":21},"end":{"line":6,"column":22}},"loc":{"start":{"line":6,"column":40},"end":{"line":18,"column":1}},"line":6},"1":{"name":"(anonymous_1)","decl":{"start":{"line":7,"column":14},"end":{"line":7,"column":15}},"loc":{"start":{"line":7,"column":20},"end":{"line":11,"column":5}},"line":7},"2":{"name":"(anonymous_2)","decl":{"start":{"line":8,"column":19},"end":{"line":8,"column":20}},"loc":{"start":{"line":8,"column":25},"end":{"line":10,"column":9}},"line":8}},"branchMap":{},"s":{"0":1,"1":1,"2":1,"3":1,"4":1,"5":1},"f":{"0":1,"1":1,"2":1},"b":{},"_coverageSchema":"1a1c01bbd47fc00a2c39e90264f33305004495a9","hash":"5408dd8cadb6a9bf78bdce7fbd22d8e8429bad44"}
,"/Users/rushabhgedam/Documents/graphql/zlrapp/app/assets/index.ts": {"path":"/Users/rushabhgedam/Documents/graphql/zlrapp/app/assets/index.ts","statementMap":{"0":{"start":{"line":1,"column":24},"end":{"line":1,"column":49}},"1":{"start":{"line":2,"column":26},"end":{"line":2,"column":53}}},"fnMap":{},"branchMap":{},"s":{"0":1,"1":1},"f":{},"b":{},"_coverageSchema":"1a1c01bbd47fc00a2c39e90264f33305004495a9","hash":"334bf9676cfa14110f289e2e945c9082a2eb94a3"}
,"/Users/rushabhgedam/Documents/graphql/zlrapp/app/assets/selected.png": {"path":"/Users/rushabhgedam/Documents/graphql/zlrapp/app/assets/selected.png","statementMap":{"0":{"start":{"line":1,"column":0},"end":{"line":4,"column":6}}},"fnMap":{},"branchMap":{},"s":{"0":1},"f":{},"b":{},"_coverageSchema":"1a1c01bbd47fc00a2c39e90264f33305004495a9","hash":"9239f184703b801271c56a2865d7daa32a5566c9"}
,"/Users/rushabhgedam/Documents/graphql/zlrapp/app/assets/unselected.png": {"path":"/Users/rushabhgedam/Documents/graphql/zlrapp/app/assets/unselected.png","statementMap":{"0":{"start":{"line":1,"column":0},"end":{"line":4,"column":6}}},"fnMap":{},"branchMap":{},"s":{"0":1},"f":{},"b":{},"_coverageSchema":"1a1c01bbd47fc00a2c39e90264f33305004495a9","hash":"d3295ed2a2c504950e835ef0d4eb6b01fca22b5c"}
,"/Users/rushabhgedam/Documents/graphql/zlrapp/app/constants/index.ts": {"path":"/Users/rushabhgedam/Documents/graphql/zlrapp/app/constants/index.ts","statementMap":{"0":{"start":{"line":3,"column":44},"end":{"line":32,"column":1}}},"fnMap":{},"branchMap":{},"s":{"0":1},"f":{},"b":{},"_coverageSchema":"1a1c01bbd47fc00a2c39e90264f33305004495a9","hash":"4ebfc9aaca80a1f0c71b588d2e73a4f88cad7f04"}
,"/Users/rushabhgedam/Documents/graphql/zlrapp/app/graphql/queries.ts": {"path":"/Users/rushabhgedam/Documents/graphql/zlrapp/app/graphql/queries.ts","statementMap":{"0":{"start":{"line":5,"column":33},"end":{"line":13,"column":2}},"1":{"start":{"line":16,"column":43},"end":{"line":27,"column":1}}},"fnMap":{},"branchMap":{},"s":{"0":1,"1":1},"f":{},"b":{},"_coverageSchema":"1a1c01bbd47fc00a2c39e90264f33305004495a9","hash":"9f70c3ed1be30b9e01aa4213732f302eed37d558"}
}
