TN:
SF:app/homescreen.tsx
FN:11,(anonymous_0)
FN:32,(anonymous_1)
FN:37,(anonymous_2)
FN:50,(anonymous_3)
FN:52,(anonymous_4)
FN:61,(anonymous_5)
FN:70,(anonymous_6)
FN:77,(anonymous_7)
FN:84,(anonymous_8)
FN:94,(anonymous_9)
FN:95,(anonymous_10)
FN:106,(anonymous_11)
FN:112,(anonymous_12)
FNF:13
FNH:13
FNDA:10,(anonymous_0)
FNDA:6,(anonymous_1)
FNDA:6,(anonymous_2)
FNDA:63,(anonymous_3)
FNDA:1,(anonymous_4)
FNDA:4,(anonymous_5)
FNDA:7,(anonymous_6)
FNDA:27,(anonymous_7)
FNDA:1,(anonymous_8)
FNDA:63,(anonymous_9)
FNDA:54,(anonymous_10)
FNDA:6,(anonymous_11)
FNDA:4,(anonymous_12)
DA:9,1
DA:11,1
DA:12,10
DA:19,9
DA:21,9
DA:22,9
DA:25,9
DA:32,9
DA:33,6
DA:37,9
DA:38,6
DA:39,1
DA:40,1
DA:41,1
DA:43,5
DA:44,2
DA:45,2
DA:46,2
DA:50,9
DA:51,63
DA:52,63
DA:61,9
DA:62,4
DA:70,9
DA:77,27
DA:78,9
DA:85,1
DA:94,63
DA:95,54
DA:106,6
DA:112,4
DA:123,1
LF:32
LH:32
BRDA:38,0,0,1
BRDA:38,0,1,5
BRDA:43,1,0,2
BRDA:43,1,1,3
BRDA:53,2,0,4
BRDA:53,2,1,59
BRDA:54,3,0,4
BRDA:54,3,1,59
BRDA:72,4,0,2
BRDA:72,4,1,5
BRDA:72,5,0,7
BRDA:72,5,1,3
BRDA:73,6,0,1
BRDA:73,6,1,4
BRDA:88,7,0,5
BRDA:88,7,1,4
BRDA:101,8,0,9
BRDA:101,8,1,4
BRF:18
BRH:18
end_of_record
TN:
SF:app/splashscreen.tsx
FN:6,(anonymous_0)
FN:7,(anonymous_1)
FN:8,(anonymous_2)
FNF:3
FNH:3
FNDA:1,(anonymous_0)
FNDA:1,(anonymous_1)
FNDA:1,(anonymous_2)
DA:6,1
DA:7,1
DA:8,1
DA:9,1
DA:12,1
DA:22,1
LF:6
LH:6
BRF:0
BRH:0
end_of_record
TN:
SF:app/assets/index.ts
FNF:0
FNH:0
DA:1,1
DA:2,1
LF:2
LH:2
BRF:0
BRH:0
end_of_record
TN:
SF:app/assets/selected.png
FNF:0
FNH:0
DA:1,1
LF:1
LH:1
BRF:0
BRH:0
end_of_record
TN:
SF:app/assets/unselected.png
FNF:0
FNH:0
DA:1,1
LF:1
LH:1
BRF:0
BRH:0
end_of_record
TN:
SF:app/constants/index.ts
FNF:0
FNH:0
DA:3,1
LF:1
LH:1
BRF:0
BRH:0
end_of_record
TN:
SF:app/graphql/queries.ts
FNF:0
FNH:0
DA:5,1
DA:16,1
LF:2
LH:2
BRF:0
BRH:0
end_of_record
