TN:
SF:app/homescreen.tsx
FN:11,(anonymous_0)
FN:22,(anonymous_1)
FN:24,(anonymous_2)
FN:33,(anonymous_3)
FN:42,(anonymous_4)
FN:49,(anonymous_5)
FN:54,(anonymous_6)
FN:63,(anonymous_7)
FN:64,(anonymous_8)
FN:73,(anonymous_9)
FN:79,(anonymous_10)
FNF:11
FNH:11
FNDA:5,(anonymous_0)
FNDA:35,(anonymous_1)
FNDA:1,(anonymous_2)
FNDA:1,(anonymous_3)
FNDA:4,(anonymous_4)
FNDA:15,(anonymous_5)
FNDA:1,(anonymous_6)
FNDA:35,(anonymous_7)
FNDA:30,(anonymous_8)
FNDA:2,(anonymous_9)
FNDA:1,(anonymous_10)
DA:9,1
DA:11,1
DA:12,5
DA:16,5
DA:18,5
DA:22,5
DA:23,35
DA:24,35
DA:33,5
DA:34,1
DA:42,5
DA:49,15
DA:50,5
DA:55,1
DA:63,35
DA:64,30
DA:73,2
DA:79,1
DA:89,1
LF:19
LH:19
BRDA:25,0,0,3
BRDA:25,0,1,32
BRDA:26,1,0,3
BRDA:26,1,1,32
BRDA:44,2,0,1
BRDA:44,2,1,3
BRDA:44,3,0,4
BRDA:44,3,1,2
BRDA:45,4,0,1
BRDA:45,4,1,2
BRDA:57,5,0,2
BRDA:57,5,1,3
BRDA:70,6,0,5
BRDA:70,6,1,3
BRF:14
BRH:14
end_of_record
TN:
SF:app/splashscreen.tsx
FN:6,(anonymous_0)
FN:7,(anonymous_1)
FN:8,(anonymous_2)
FNF:3
FNH:3
FNDA:1,(anonymous_0)
FNDA:1,(anonymous_1)
FNDA:1,(anonymous_2)
DA:6,1
DA:7,1
DA:8,1
DA:9,1
DA:12,1
DA:22,1
LF:6
LH:6
BRF:0
BRH:0
end_of_record
TN:
SF:app/assets/index.ts
FNF:0
FNH:0
DA:1,1
DA:2,1
LF:2
LH:2
BRF:0
BRH:0
end_of_record
TN:
SF:app/assets/selected.png
FNF:0
FNH:0
DA:1,1
LF:1
LH:1
BRF:0
BRH:0
end_of_record
TN:
SF:app/assets/unselected.png
FNF:0
FNH:0
DA:1,1
LF:1
LH:1
BRF:0
BRH:0
end_of_record
TN:
SF:app/constants/index.ts
FNF:0
FNH:0
DA:3,1
LF:1
LH:1
BRF:0
BRH:0
end_of_record
TN:
SF:app/graphql/queries.ts
FNF:0
FNH:0
DA:5,1
DA:13,1
LF:2
LH:2
BRF:0
BRH:0
end_of_record
